<?xml version="1.0" encoding="UTF-8"?>
<!-- Generated by org.testng.reporters.JUnitXMLReporter -->
<testsuite ignored="0" hostname="LAPTOP-G9NB2VM9" failures="0" tests="5" name="API Tests" time="6.774" errors="0" timestamp="2025-07-01T17:28:46 IST">
  <testcase classname="api.test.UserTest" name="TestPostUser" time="3.207"/>
  <testcase classname="api.test.UserTest" name="UpdateUser" time="3.256"/>
  <testcase classname="api.test.UserTest" name="testUserDetailsWithUtil" time="0.089"/>
  <testcase classname="api.test.UserTest" name="DeleteUser" time="1.087"/>
  <testcase classname="api.test.UserTest" name="GetUser" time="6.035"/>
</testsuite> <!-- API Tests -->
