<?xml version="1.0" encoding="UTF-8"?>
<!-- Generated by org.testng.reporters.JUnitXMLReporter -->
<testsuite ignored="0" hostname="LAPTOP-G9NB2VM9" failures="0" tests="5" name="Default test" time="19.039" errors="0" timestamp="2025-07-02T18:33:45 IST">
  <testcase classname="api.test.UserTest" name="TestPostUser" time="8.769"/>
  <testcase classname="api.test.UserTest" name="GetUser" time="6.063"/>
  <testcase classname="api.test.UserTest" name="UpdateUser" time="2.128"/>
  <testcase classname="api.test.UserTest" name="DeleteUser" time="1.078"/>
  <testcase classname="api.test.UserTest" name="testUserDetailsWithUtil" time="0.078"/>
</testsuite> <!-- Default test -->
