<?xml version="1.0" encoding="UTF-8"?>
<!-- Generated by org.testng.reporters.JUnitXMLReporter -->
<testsuite ignored="0" hostname="LAPTOP-G9NB2VM9" failures="0" tests="5" name="Default test" time="13.599" errors="0" timestamp="2025-07-01T17:21:33 IST">
  <testcase classname="api.test.UserTest" name="TestPostUser" time="3.488"/>
  <testcase classname="api.test.UserTest" name="GetUser" time="6.09"/>
  <testcase classname="api.test.UserTest" name="UpdateUser" time="2.089"/>
  <testcase classname="api.test.UserTest" name="DeleteUser" time="1.053"/>
  <testcase classname="api.test.UserTest" name="testUserDetailsWithUtil" time="0.114"/>
</testsuite> <!-- Default test -->
