<?xml version="1.0" encoding="UTF-8"?>
<testng-results ignored="0" total="5" passed="5" failed="0" skipped="0">
  <reporter-output>
  </reporter-output>
  <suite started-at="2025-07-02T18:33:26 IST" name="Default suite" finished-at="2025-07-02T18:33:45 IST" duration-ms="19039">
    <groups>
    </groups>
    <test started-at="2025-07-02T18:33:26 IST" name="Default test" finished-at="2025-07-02T18:33:45 IST" duration-ms="19039">
      <class name="api.test.UserTest">
        <test-method is-config="true" signature="setupdata()[pri:0, instance:api.test.UserTest@536f2a7e]" started-at="2025-07-02T18:33:26 IST" name="setupdata" finished-at="2025-07-02T18:33:27 IST" duration-ms="663" status="PASS">
          <reporter-output>
          </reporter-output>
        </test-method> <!-- setupdata -->
        <test-method signature="TestPostUser()[pri:1, instance:api.test.UserTest@536f2a7e]" started-at="2025-07-02T18:33:27 IST" name="TestPostUser" finished-at="2025-07-02T18:33:36 IST" duration-ms="8769" status="PASS">
          <reporter-output>
          </reporter-output>
        </test-method> <!-- TestPostUser -->
        <test-method signature="GetUser()[pri:2, instance:api.test.UserTest@536f2a7e]" started-at="2025-07-02T18:33:36 IST" name="GetUser" finished-at="2025-07-02T18:33:42 IST" duration-ms="6063" status="PASS">
          <reporter-output>
          </reporter-output>
        </test-method> <!-- GetUser -->
        <test-method signature="UpdateUser()[pri:3, instance:api.test.UserTest@536f2a7e]" started-at="2025-07-02T18:33:42 IST" name="UpdateUser" finished-at="2025-07-02T18:33:44 IST" duration-ms="2128" status="PASS">
          <reporter-output>
          </reporter-output>
        </test-method> <!-- UpdateUser -->
        <test-method signature="DeleteUser()[pri:4, instance:api.test.UserTest@536f2a7e]" started-at="2025-07-02T18:33:44 IST" name="DeleteUser" finished-at="2025-07-02T18:33:45 IST" duration-ms="1078" status="PASS">
          <reporter-output>
          </reporter-output>
        </test-method> <!-- DeleteUser -->
        <test-method signature="testUserDetailsWithUtil()[pri:5, instance:api.test.UserTest@536f2a7e]" started-at="2025-07-02T18:33:45 IST" name="testUserDetailsWithUtil" finished-at="2025-07-02T18:33:45 IST" duration-ms="78" status="PASS">
          <reporter-output>
          </reporter-output>
        </test-method> <!-- testUserDetailsWithUtil -->
        <test-method is-config="true" signature="flushExtent()[pri:0, instance:api.test.UserTest@536f2a7e]" started-at="2025-07-02T18:33:45 IST" name="flushExtent" finished-at="2025-07-02T18:33:45 IST" duration-ms="211" status="PASS">
          <reporter-output>
          </reporter-output>
        </test-method> <!-- flushExtent -->
        <test-method is-config="true" signature="tearDown()[pri:0, instance:api.test.UserTest@536f2a7e]" started-at="2025-07-02T18:33:45 IST" name="tearDown" finished-at="2025-07-02T18:33:47 IST" duration-ms="2116" status="PASS">
          <reporter-output>
          </reporter-output>
        </test-method> <!-- tearDown -->
      </class> <!-- api.test.UserTest -->
    </test> <!-- Default test -->
  </suite> <!-- Default suite -->
</testng-results>
