<?xml version="1.0" encoding="UTF-8"?>
<testng-results ignored="0" total="5" passed="5" failed="0" skipped="0">
  <reporter-output>
  </reporter-output>
  <suite started-at="2025-07-01T17:28:39 IST" name="API Automation Suite" finished-at="2025-07-01T17:28:46 IST" duration-ms="6774">
    <groups>
    </groups>
    <test started-at="2025-07-01T17:28:39 IST" name="API Tests" finished-at="2025-07-01T17:28:46 IST" duration-ms="6774">
      <class name="api.test.UserTest">
        <test-method is-config="true" signature="setupdata()[pri:0, instance:api.test.UserTest@273444fe]" started-at="2025-07-01T17:28:39 IST" name="setupdata" finished-at="2025-07-01T17:28:39 IST" duration-ms="443" status="PASS">
          <reporter-output>
          </reporter-output>
        </test-method> <!-- setupdata -->
        <test-method signature="TestPostUser()[pri:1, instance:api.test.UserTest@273444fe]" started-at="2025-07-01T17:28:39 IST" name="TestPostUser" finished-at="2025-07-01T17:28:43 IST" duration-ms="3207" status="PASS">
          <reporter-output>
          </reporter-output>
        </test-method> <!-- TestPostUser -->
        <test-method signature="UpdateUser()[pri:3, instance:api.test.UserTest@273444fe]" started-at="2025-07-01T17:28:39 IST" name="UpdateUser" finished-at="2025-07-01T17:28:43 IST" duration-ms="3256" status="PASS">
          <reporter-output>
          </reporter-output>
        </test-method> <!-- UpdateUser -->
        <test-method signature="GetUser()[pri:2, instance:api.test.UserTest@273444fe]" started-at="2025-07-01T17:28:39 IST" name="GetUser" finished-at="2025-07-01T17:28:45 IST" duration-ms="6035" status="PASS">
          <reporter-output>
          </reporter-output>
        </test-method> <!-- GetUser -->
        <test-method signature="DeleteUser()[pri:4, instance:api.test.UserTest@273444fe]" started-at="2025-07-01T17:28:43 IST" name="DeleteUser" finished-at="2025-07-01T17:28:44 IST" duration-ms="1087" status="PASS">
          <reporter-output>
          </reporter-output>
        </test-method> <!-- DeleteUser -->
        <test-method signature="testUserDetailsWithUtil()[pri:5, instance:api.test.UserTest@273444fe]" started-at="2025-07-01T17:28:43 IST" name="testUserDetailsWithUtil" finished-at="2025-07-01T17:28:43 IST" duration-ms="89" status="PASS">
          <reporter-output>
          </reporter-output>
        </test-method> <!-- testUserDetailsWithUtil -->
        <test-method is-config="true" signature="flushExtent()[pri:0, instance:api.test.UserTest@273444fe]" started-at="2025-07-01T17:28:45 IST" name="flushExtent" finished-at="2025-07-01T17:28:46 IST" duration-ms="267" status="PASS">
          <reporter-output>
          </reporter-output>
        </test-method> <!-- flushExtent -->
        <test-method is-config="true" signature="tearDown()[pri:0, instance:api.test.UserTest@273444fe]" started-at="2025-07-01T17:28:46 IST" name="tearDown" finished-at="2025-07-01T17:28:46 IST" duration-ms="96" status="PASS">
          <reporter-output>
          </reporter-output>
        </test-method> <!-- tearDown -->
      </class> <!-- api.test.UserTest -->
    </test> <!-- API Tests -->
  </suite> <!-- API Automation Suite -->
</testng-results>
